0 info it worked if it ends with ok
1 verbose cli [ 'c:\\Program Files\\nodejs\\node.exe',
1 verbose cli   'c:\\Program Files\\nodejs\\node_modules\\npm\\bin\\npm-cli.js',
1 verbose cli   'publish' ]
2 info using npm@2.14.3
3 info using node@v4.1.0
4 verbose publish [ '.' ]
5 silly cache add args [ '.', null ]
6 verbose cache add spec .
7 silly cache add parsed spec Result {
7 silly cache add   raw: '.',
7 silly cache add   scope: null,
7 silly cache add   name: null,
7 silly cache add   rawSpec: '.',
7 silly cache add   spec: 'c:\\Users\\user1\\Desktop\\PIGNOSE-Calendar',
7 silly cache add   type: 'directory' }
8 verbose addLocalDirectory C:\Users\user1\AppData\Roaming\npm-cache\pg-calendar\1.2.15\package.tgz not in flight; packing
9 verbose tar pack [ 'C:\\Users\\user1\\AppData\\Roaming\\npm-cache\\pg-calendar\\1.2.15\\package.tgz',
9 verbose tar pack   'c:\\Users\\user1\\Desktop\\PIGNOSE-Calendar' ]
10 verbose tarball C:\Users\user1\AppData\Roaming\npm-cache\pg-calendar\1.2.15\package.tgz
11 verbose folder c:\Users\user1\Desktop\PIGNOSE-Calendar
12 info prepublish pg-calendar@1.2.15
13 verbose addLocalTarball adding from inside cache C:\Users\user1\AppData\Roaming\npm-cache\pg-calendar\1.2.15\package.tgz
14 silly cache afterAdd pg-calendar@1.2.15
15 verbose afterAdd C:\Users\user1\AppData\Roaming\npm-cache\pg-calendar\1.2.15\package\package.json not in flight; writing
16 verbose afterAdd C:\Users\user1\AppData\Roaming\npm-cache\pg-calendar\1.2.15\package\package.json written
17 silly publish { name: 'pg-calendar',
17 silly publish   version: '1.2.15',
17 silly publish   description: 'Beautiful and eidetic jQuery date picker plguin.',
17 silly publish   main: 'index.html',
17 silly publish   scripts: { test: 'grunt test' },
17 silly publish   repository:
17 silly publish    { type: 'git',
17 silly publish      url: 'git+https://github.com/KennethanCeyer/PIGNOSE-Calendar.git' },
17 silly publish   keywords:
17 silly publish    [ 'datepicker',
17 silly publish      'toggle',
17 silly publish      'date',
17 silly publish      'material',
17 silly publish      'pignose',
17 silly publish      'kennethanceyer',
17 silly publish      'jquery',
17 silly publish      'plugin' ],
17 silly publish   author:
17 silly publish    { name: 'Kenneth Ceyer',
17 silly publish      email: 'kennethan@nhpcw.com',
17 silly publish      url: 'http://www.pigno.se' },
17 silly publish   license: 'MIT',
17 silly publish   bugs: { url: 'https://github.com/KennethanCeyer/PIGNOSE-Calendar/issues' },
17 silly publish   homepage: 'https://github.com/KennethanCeyer/PIGNOSE-Calendar#readme',
17 silly publish   devDependencies:
17 silly publish    { grunt: '^1.0.1',
17 silly publish      'grunt-cli': '^1.2.0',
17 silly publish      'grunt-contrib-csslint': '^2.0.0',
17 silly publish      'grunt-contrib-cssmin': '^1.0.2',
17 silly publish      'grunt-contrib-jshint': '^1.0.0',
17 silly publish      'grunt-contrib-uglify': '^2.0.0' },
17 silly publish   readme: '# PIGNOSE Calendar\r\n\r\nBeautiful and eidetic jQuery date picker plugin.\r\n\r\n[![npm version](https://badge.fury.io/js/pg-calendar.svg)](https://badge.fury.io/js/pg-calendar) [![Bower version](https://badge.fury.io/bo/pg-calendar.svg)](https://badge.fury.io/bo/pg-calendar) [![Join the chat at https://gitter.im/KennethanCeyer/PIGNOSE](https://badges.gitter.im/Join%20Chat.svg)](https://gitter.im/KennethanCeyer/PIGNOSE?utm_source=badge&utm_medium=badge&utm_campaign=pr-badge&utm_content=badge)\r\n\r\n----\r\n\r\n### Getting started\r\n\r\nPIGNOSE-Calendar helps you make more simple and eidetic datepicker in jQuery.\r\n\r\nThe datepicker supports responsive and mobile environment.\r\n\r\n[Check demo page](http://www.pigno.se/barn/PIGNOSE-Calendar)\r\n\r\n![PIGNOSE-calendar](http://www.pigno.se/barn/PIGNOSE-Calendar/demo/img/screenshot_main.png)\r\n\r\n----\r\n\r\n### Overview\r\n\r\nSee our features which we are supported.\r\n\r\n- Responsive and mobile friendly display.\r\n- Multiple range datepicker support.\r\n- Input type controller support.\r\n- The toggle controll each of date buttons are supported.\r\n- You can disable specific dates.\r\n- Multiple languages are supported, (en, ko, fr, ch, de, jp, pt).\r\n- Theme system supports (light, dark).\r\n\r\n----\r\n\r\n### Contributors\r\n\r\nWe welcome your support, You can support to notice by send me github issue or using gitter.\r\n\r\n#### Languages\r\n\r\n- [@matheusdelima](https://www.github.com/matheusdelima)\r\n- [@feldmarv](https://www.github.com/feldmarv)\r\n\r\n----\r\n\r\n### Question\r\n\r\nIf you found something problem of this plugin, or you have some question.\r\n\r\nPlease send me a message to use either [gitter](https://gitter.im/KennethanCeyer/PIGNOSE) or [Github issue](https://github.com/KennethanCeyer/PIGNOSE-Calendar/issues). (gitter url is on the top of the manual)\r\n',
17 silly publish   readmeFilename: 'README.md',
17 silly publish   gitHead: 'be650956b60a701396c71e6c286100ecd28e61ff',
17 silly publish   _id: 'pg-calendar@1.2.15',
17 silly publish   _shasum: 'cbfb17f00cd123a051221ae37220f255d3e9f204',
17 silly publish   _from: '.' }
18 verbose getPublishConfig undefined
19 silly mapToRegistry name pg-calendar
20 silly mapToRegistry using default registry
21 silly mapToRegistry registry https://registry.npmjs.org/
22 silly mapToRegistry uri https://registry.npmjs.org/pg-calendar
23 verbose publish registryBase https://registry.npmjs.org/
24 silly publish uploading C:\Users\user1\AppData\Roaming\npm-cache\pg-calendar\1.2.15\package.tgz
25 verbose request uri https://registry.npmjs.org/pg-calendar
26 verbose request sending authorization for write operation
27 info attempt registry request try #1 at 07:33:06
28 verbose request using bearer token for auth
29 verbose request id 7f17e9635526495a
30 http request PUT https://registry.npmjs.org/pg-calendar
31 http 403 https://registry.npmjs.org/pg-calendar
32 verbose headers { 'content-type': 'application/json',
32 verbose headers   'cache-control': 'max-age=300',
32 verbose headers   'content-length': '96',
32 verbose headers   'accept-ranges': 'bytes',
32 verbose headers   date: 'Fri, 04 Nov 2016 22:33:05 GMT',
32 verbose headers   via: '1.1 varnish',
32 verbose headers   connection: 'keep-alive',
32 verbose headers   'x-served-by': 'cache-nrt6125-NRT',
32 verbose headers   'x-cache': 'MISS',
32 verbose headers   'x-cache-hits': '0',
32 verbose headers   'x-timer': 'S1478298784.481924,VS0,VE1398',
32 verbose headers   vary: 'Accept-Encoding' }
33 verbose request invalidating C:\Users\user1\AppData\Roaming\npm-cache\registry.npmjs.org\pg-calendar on PUT
34 error publish Failed PUT 403
35 verbose stack Error: "You cannot publish over the previously published version 1.2.15." : pg-calendar
35 verbose stack     at makeError (c:\Program Files\nodejs\node_modules\npm\node_modules\npm-registry-client\lib\request.js:263:12)
35 verbose stack     at CachingRegistryClient.<anonymous> (c:\Program Files\nodejs\node_modules\npm\node_modules\npm-registry-client\lib\request.js:251:14)
35 verbose stack     at Request._callback (c:\Program Files\nodejs\node_modules\npm\node_modules\npm-registry-client\lib\request.js:171:14)
35 verbose stack     at Request.self.callback (c:\Program Files\nodejs\node_modules\npm\node_modules\request\request.js:198:22)
35 verbose stack     at emitTwo (events.js:87:13)
35 verbose stack     at Request.emit (events.js:172:7)
35 verbose stack     at Request.<anonymous> (c:\Program Files\nodejs\node_modules\npm\node_modules\request\request.js:1073:14)
35 verbose stack     at emitOne (events.js:82:20)
35 verbose stack     at Request.emit (events.js:169:7)
35 verbose stack     at IncomingMessage.<anonymous> (c:\Program Files\nodejs\node_modules\npm\node_modules\request\request.js:1019:12)
36 verbose statusCode 403
37 verbose pkgid pg-calendar
38 verbose cwd c:\Users\user1\Desktop\PIGNOSE-Calendar
39 error Windows_NT 10.0.10586
40 error argv "c:\\Program Files\\nodejs\\node.exe" "c:\\Program Files\\nodejs\\node_modules\\npm\\bin\\npm-cli.js" "publish"
41 error node v4.1.0
42 error npm  v2.14.3
43 error code E403
44 error "You cannot publish over the previously published version 1.2.15." : pg-calendar
45 error If you need help, you may report this error at:
45 error     <https://github.com/npm/npm/issues>
46 verbose exit [ 1, true ]
